<?xml version="1.0" encoding="UTF-8"?>
<!-- Generated by org.testng.reporters.JUnitReportReporter -->
<testsuite hostname="MUNI-VAIO" name="script.Test2" tests="2" failures="0" timestamp="12 Jan 2019 12:54:23 GMT" time="23.412" errors="0">
  <testcase name="createCustomer2" time="12.159" classname="script.Test2"/>
  <testcase name="deleteCustomer2" time="11.253" classname="script.Test2"/>
</testsuite> <!-- script.Test2 -->
