<?xml version="1.0" encoding="UTF-8"?>
<!-- Generated by org.testng.reporters.JUnitReportReporter -->
<testsuite hostname="MUNI-VAIO" name="script.TestListener2" tests="1" failures="0" timestamp="12 Jan 2019 06:16:14 GMT" time="0.004" errors="0">
  <testcase name="method1" time="0.004" classname="script.TestListener2"/>
</testsuite> <!-- script.TestListener2 -->
