<?xml version="1.0" encoding="UTF-8"?>
<!-- Generated by org.testng.reporters.JUnitReportReporter -->
<testsuite hostname="MUNI-VAIO" name="qsp.A" tests="1" failures="0" timestamp="10 Jan 2019 18:37:34 GMT" time="0.046" errors="0">
  <testcase name="testGrid" time="0.046" classname="qsp.A"/>
</testsuite> <!-- qsp.A -->
