<?xml version="1.0" encoding="UTF-8"?>
<!-- Generated by org.testng.reporters.JUnitReportReporter -->
<testsuite hostname="MUNI-VAIO" name="qsp.XlAuto" tests="1" failures="0" timestamp="10 Jan 2019 19:25:20 GMT" time="2.256" errors="0">
  <testcase name="excelAutomation" time="2.256" classname="qsp.XlAuto"/>
</testsuite> <!-- qsp.XlAuto -->
