<?xml version="1.0" encoding="UTF-8"?>
<!-- Generated by org.testng.reporters.JUnitReportReporter -->
<testsuite hostname="MUNI-VAIO" name="script.TestValidLogin" tests="1" failures="0" timestamp="14 Jan 2019 19:05:24 GMT" time="36.695" errors="0">
  <testcase name="testValidLogin" time="36.695" classname="script.TestValidLogin"/>
</testsuite> <!-- script.TestValidLogin -->
