<?xml version="1.0" encoding="UTF-8"?>
<!-- Generated by org.testng.reporters.JUnitReportReporter -->
<testsuite hostname="MUNI-VAIO" name="generic.Utility" tests="1" failures="0" timestamp="10 Jan 2019 20:03:27 GMT" time="2.266" errors="0">
  <testcase name="writeResultToXL" time="2.266" classname="generic.Utility"/>
</testsuite> <!-- generic.Utility -->
