<?xml version="1.0" encoding="UTF-8"?>
<!-- Generated by org.testng.reporters.JUnitReportReporter -->
<testsuite hostname="MUNI-VAIO" name="qsp.Grid" tests="2" failures="0" timestamp="11 Jan 2019 06:10:38 GMT" time="91.657" errors="0">
  <testcase name="testGrid" time="45.918" classname="qsp.Grid"/>
  <testcase name="testGrid" time="45.739" classname="qsp.Grid"/>
</testsuite> <!-- qsp.Grid -->
