<?xml version="1.0" encoding="UTF-8"?>
<!-- Generated by org.testng.reporters.JUnitReportReporter -->
<testsuite hostname="MUNI-VAIO" name="qsp.DemoC" tests="2" failures="0" timestamp="10 Jan 2019 05:24:52 GMT" time="0.035" errors="0">
  <testcase name="login" time="0.032" classname="qsp.DemoC"/>
  <testcase name="login" time="0.003" classname="qsp.DemoC"/>
</testsuite> <!-- qsp.DemoC -->
