<?xml version="1.0" encoding="UTF-8"?>
<!-- Generated by org.testng.reporters.JUnitReportReporter -->
<testsuite hostname="MUNI-VAIO" name="qsp.NewTest" tests="1" failures="0" timestamp="9 Jan 2019 06:00:49 GMT" time="0.038" errors="0">
  <testcase name="f" time="0.038" classname="qsp.NewTest"/>
</testsuite> <!-- qsp.NewTest -->
