<?xml version="1.0" encoding="UTF-8"?>
<!-- Generated by org.testng.reporters.JUnitReportReporter -->
<testsuite hostname="MUNI-VAIO" name="script.TestVerifyProductVersion" tests="1" failures="0" timestamp="14 Jan 2019 19:05:24 GMT" time="19.074" errors="0">
  <testcase name="testVerifyProductVersion" time="19.074" classname="script.TestVerifyProductVersion"/>
</testsuite> <!-- script.TestVerifyProductVersion -->
