<?xml version="1.0" encoding="UTF-8"?>
<!-- Generated by org.testng.reporters.JUnitReportReporter -->
<testsuite hostname="MUNI-VAIO" name="qsp.DemoA" tests="1" failures="0" timestamp="12 Jan 2019 04:56:15 GMT" time="2.439" errors="0">
  <testcase name="getXLData" time="2.439" classname="qsp.DemoA"/>
</testsuite> <!-- qsp.DemoA -->
