<?xml version="1.0" encoding="UTF-8"?>
<!-- Generated by org.testng.reporters.JUnitReportReporter -->
<testsuite hostname="MUNI-VAIO" name="script.TestInvalidLogin" tests="1" failures="0" timestamp="14 Jan 2019 06:59:18 GMT" time="12.216" errors="0">
  <testcase name="testInvalidLogin" time="12.216" classname="script.TestInvalidLogin"/>
</testsuite> <!-- script.TestInvalidLogin -->
