<?xml version="1.0" encoding="UTF-8"?>
<!-- Generated by org.testng.reporters.JUnitReportReporter -->
<testsuite hostname="MUNI-VAIO" name="script.TestClass" tests="1" failures="0" timestamp="11 Jan 2019 20:36:24 GMT" time="15.452" errors="0">
  <testcase name="createCustomer" time="15.452" classname="script.TestClass"/>
</testsuite> <!-- script.TestClass -->
