<?xml version="1.0" encoding="UTF-8"?>
<!-- Generated by org.testng.reporters.JUnitReportReporter -->
<testsuite hostname="MUNI-VAIO" name="script.Test1" tests="1" failures="0" timestamp="13 Jan 2019 07:51:53 GMT" time="14.154" errors="0">
  <testcase name="createCustomer" time="14.154" classname="script.Test1"/>
</testsuite> <!-- script.Test1 -->
